#
# A fatal error has been detected by the Java Runtime Environment:
#
#  EXCEPTION_ACCESS_VIOLATION (0xc0000005) at pc=0x6d8fd56c, pid=536, tid=464
#
# JRE version: 6.0_21-b07
# Java VM: Java HotSpot(TM) Client VM (17.0-b17 mixed mode windows-x86 )
# Problematic frame:
# V  [jvm.dll+0xfd56c]
#
# If you would like to submit a bug report, please visit:
#   http://java.sun.com/webapps/bugreport/crash.jsp
#

---------------  T H R E A D  ---------------

Current thread (0x28496400):  JavaThread "Java2D Disposer" daemon [_thread_in_vm, id=464, stack(0x28710000,0x28b10000)]

siginfo: ExceptionCode=0xc0000005, reading address 0x00000000

Registers:
EAX=0x26cd1588, EBX=0x00000000, ECX=0x00000000, EDX=0x28b0fa58
ESP=0x28b0fa48, EBP=0x28b0fb24, ESI=0x28494af0, EDI=0x28496400
EIP=0x6d8fd56c, EFLAGS=0x00010203

Top of Stack: (sp=0x28b0fa48)
0x28b0fa48:   28496400 28496518 26cac5f0 02a24058
0x28b0fa58:   26cd1588 28b0fa78 6d808e5c 28b0fa88
0x28b0fa68:   6d821719 00000000 0000000e 6d9b5799
0x28b0fa78:   26cd1584 28b0fa98 00000000 28b0fa98
0x28b0fa88:   6d8ae5f5 ffffffff 28b0fb94 6d9b571c
0x28b0fa98:   00000000 28b0fb94 00000029 28b0fb94
0x28b0faa8:   28b0fad0 6d9b59c7 000014dd 0000002b
0x28b0fab8:   003e5b88 6d8a0179 000014dd 26cd1584 

Instructions: (pc=0x6d8fd56c)
0x6d8fd55c:   01 8b 4d b0 8b 55 a4 8b 45 f4 89 04 8a ff 45 b0
0x6d8fd56c:   8b 03 8b 48 08 0f b7 51 2a 8b 40 0c 8b 4c 90 24 


Stack: [0x28710000,0x28b10000],  sp=0x28b0fa48,  free space=ffe28b0f57ck
Native frames: (J=compiled Java code, j=interpreted, Vv=VM code, C=native code)
V  [jvm.dll+0xfd56c]
V  [jvm.dll+0x1003c7]
C  [awt.dll+0x6c71c]
j  java.awt.Cursor.finalizeImpl(J)V+0
j  java.awt.Cursor.access$000(J)V+1
j  java.awt.Cursor$CursorDisposer.dispose()V+13
j  sun.java2d.Disposer.run()V+26
j  java.lang.Thread.run()V+11
v  ~StubRoutines::call_stub
V  [jvm.dll+0xf3abc]
V  [jvm.dll+0x1865b1]
V  [jvm.dll+0xf3c87]
V  [jvm.dll+0xf3cfd]
V  [jvm.dll+0x11dac0]
V  [jvm.dll+0x1e6fb4]
V  [jvm.dll+0x185f5c]
C  [MSVCR71.dll+0x9565]
C  [kernel32.dll+0xb713]

Java frames: (J=compiled Java code, j=interpreted, Vv=VM code)
j  java.awt.Cursor.finalizeImpl(J)V+0
j  java.awt.Cursor.access$000(J)V+1
j  java.awt.Cursor$CursorDisposer.dispose()V+13
j  sun.java2d.Disposer.run()V+26
j  java.lang.Thread.run()V+11
v  ~StubRoutines::call_stub

---------------  P R O C E S S  ---------------

Java Threads: ( => current thread )
  0x2c384400 JavaThread "Thread-2" [_thread_in_native, id=1496, stack(0x30c10000,0x31010000)]
  0x2b413c00 JavaThread "Thread-6" daemon [_thread_blocked, id=584, stack(0x2f010000,0x2f410000)]
  0x2b300800 JavaThread "Timer-0" [_thread_blocked, id=1080, stack(0x2ec10000,0x2f010000)]
  0x2c37dc00 JavaThread "DesignManager MakeNGO Loop" [_thread_blocked, id=752, stack(0x2aee0000,0x2b2e0000)]
  0x2b7b1000 JavaThread "TimerQueue" daemon [_thread_blocked, id=1888, stack(0x2be00000,0x2c200000)]
  0x2a469c00 JavaThread "AWT-EventQueue-0" [_thread_blocked, id=1076, stack(0x2a9d0000,0x2add0000)]
  0x2849a400 JavaThread "AWT-Shutdown" [_thread_blocked, id=912, stack(0x28b10000,0x28f10000)]
=>0x28496400 JavaThread "Java2D Disposer" daemon [_thread_in_vm, id=464, stack(0x28710000,0x28b10000)]
  0x26ccc000 JavaThread "Low Memory Detector" daemon [_thread_blocked, id=964, stack(0x27f30000,0x28330000)]
  0x26cbac00 JavaThread "CompilerThread0" daemon [_thread_blocked, id=304, stack(0x27e30000,0x27f30000)]
  0x26cb9400 JavaThread "Attach Listener" daemon [_thread_blocked, id=308, stack(0x27a30000,0x27e30000)]
  0x26cd7400 JavaThread "Signal Dispatcher" daemon [_thread_blocked, id=384, stack(0x27630000,0x27a30000)]
  0x26ca8800 JavaThread "Finalizer" daemon [_thread_blocked, id=356, stack(0x27230000,0x27630000)]
  0x26ca3c00 JavaThread "Reference Handler" daemon [_thread_blocked, id=388, stack(0x26e30000,0x27230000)]
  0x003e7000 JavaThread "main" [_thread_blocked, id=496, stack(0x00030000,0x00130000)]

Other Threads:
  0x26ca1400 VMThread [stack: 0x26d30000,0x26e30000] [id=392]
  0x26ccfc00 WatcherThread [stack: 0x28330000,0x28430000] [id=352]

VM state:synchronizing (normal execution)

VM Mutex/Monitor currently owned by a thread:  ([mutex/lock_event])
[0x003e6008] Threads_lock - owner thread: 0x26ca1400

Heap
 def new generation   total 7680K, used 85K [0x02a20000, 0x03270000, 0x0d4c0000)
  eden space 6848K,   1% used [0x02a20000, 0x02a357c0, 0x030d0000)
  from space 832K,   0% used [0x030d0000, 0x030d0000, 0x031a0000)
  to   space 832K,   0% used [0x031a0000, 0x031a0000, 0x03270000)
 tenured generation   total 16932K, used 10158K [0x0d4c0000, 0x0e549000, 0x22a20000)
   the space 16932K,  59% used [0x0d4c0000, 0x0deab840, 0x0deaba00, 0x0e549000)
 compacting perm gen  total 12288K, used 11711K [0x22a20000, 0x23620000, 0x26a20000)
   the space 12288K,  95% used [0x22a20000, 0x2358fdf0, 0x2358fe00, 0x23620000)
No shared spaces configured.

Dynamic libraries:
0x00400000 - 0x00408000 	C:\Xilinx\14.7\ISE_DS\ISE\bin\nt\unwrapped\inserter.exe
0x7c940000 - 0x7c9dc000 	C:\WINDOWS\system32\ntdll.dll
0x7c800000 - 0x7c933000 	C:\WINDOWS\system32\kernel32.dll
0x77d80000 - 0x77e29000 	C:\WINDOWS\system32\ADVAPI32.dll
0x77e30000 - 0x77ec2000 	C:\WINDOWS\system32\RPCRT4.dll
0x77fa0000 - 0x77fb1000 	C:\WINDOWS\system32\Secur32.dll
0x77cf0000 - 0x77d80000 	C:\WINDOWS\system32\USER32.dll
0x77ed0000 - 0x77f19000 	C:\WINDOWS\system32\GDI32.dll
0x78520000 - 0x785c3000 	C:\WINDOWS\WinSxS\x86_Microsoft.VC90.CRT_1fc8b3b9a1e18e3b_9.0.30729.6161_x-ww_31a54e43\MSVCR90.dll
0x762e0000 - 0x762fd000 	C:\WINDOWS\system32\IMM32.DLL
0x60740000 - 0x60749000 	C:\WINDOWS\system32\LPK.DLL
0x73f80000 - 0x73feb000 	C:\WINDOWS\system32\USP10.dll
0x6d800000 - 0x6daa7000 	C:\Xilinx\14.7\ISE_DS\ISE\java6\nt\jre\bin\client\jvm.dll
0x76af0000 - 0x76b1b000 	C:\WINDOWS\system32\WINMM.dll
0x60000000 - 0x60056000 	C:\Xilinx\14.7\ISE_DS\ISE\lib\nt\MSVCR71.dll
0x6d7b0000 - 0x6d7bc000 	C:\Xilinx\14.7\ISE_DS\ISE\java6\nt\jre\bin\verify.dll
0x6d330000 - 0x6d34f000 	C:\Xilinx\14.7\ISE_DS\ISE\java6\nt\jre\bin\java.dll
0x6d290000 - 0x6d298000 	C:\Xilinx\14.7\ISE_DS\ISE\java6\nt\jre\bin\hpi.dll
0x76ba0000 - 0x76bab000 	C:\WINDOWS\system32\PSAPI.DLL
0x6d7f0000 - 0x6d7ff000 	C:\Xilinx\14.7\ISE_DS\ISE\java6\nt\jre\bin\zip.dll
0x6d000000 - 0x6d14a000 	C:\Xilinx\14.7\ISE_DS\ISE\java6\nt\jre\bin\awt.dll
0x72f50000 - 0x72f76000 	C:\WINDOWS\system32\WINSPOOL.DRV
0x77bc0000 - 0x77c18000 	C:\WINDOWS\system32\msvcrt.dll
0x76970000 - 0x76aad000 	C:\WINDOWS\system32\ole32.dll
0x5ab60000 - 0x5abfa000 	C:\WINDOWS\system32\COMCTL32.dll
0x74660000 - 0x746ac000 	C:\WINDOWS\system32\MSCTF.dll
0x286b0000 - 0x286bc000 	C:\Program Files\Parallels\Parallels Tools\Services\prl_hook.dll
0x73620000 - 0x7364e000 	C:\WINDOWS\system32\msctfime.ime
0x4edc0000 - 0x4ee16000 	C:\WINDOWS\system32\imjp81.ime
0x648f0000 - 0x649c0000 	C:\WINDOWS\system32\imjp81k.dll
0x7d5b0000 - 0x7ddb0000 	C:\WINDOWS\system32\SHELL32.dll
0x77f20000 - 0x77f96000 	C:\WINDOWS\system32\SHLWAPI.dll
0x77160000 - 0x77263000 	C:\WINDOWS\WinSxS\x86_Microsoft.Windows.Common-Controls_6595b64144ccf1df_6.0.2600.5512_x-ww_35d4ce83\comctl32.dll
0x58730000 - 0x58768000 	C:\WINDOWS\system32\uxtheme.dll
0x29380000 - 0x293a6000 	C:\Xilinx\14.7\ISE_DS\ISE\lib\nt\libInserter.dll
0x293c0000 - 0x293c8000 	C:\Xilinx\14.7\ISE_DS\ISE\lib\nt\libXdh_FileConv.dll
0x293e0000 - 0x298a9000 	C:\Xilinx\14.7\ISE_DS\ISE\lib\nt\libXdm.dll
0x298c0000 - 0x298ca000 	C:\Xilinx\14.7\ISE_DS\ISE\lib\nt\libXdmStringPool.dll
0x298e0000 - 0x298f3000 	C:\Xilinx\14.7\ISE_DS\ISE\lib\nt\libXdmMemPool.dll
0x29910000 - 0x299b9000 	C:\Xilinx\14.7\ISE_DS\ISE\lib\nt\libPortability.dll
0x299d0000 - 0x299f6000 	C:\Xilinx\14.7\ISE_DS\ISE\lib\nt\SHSMP.DLL
0x29a00000 - 0x29aa9000 	C:\Xilinx\14.7\ISE_DS\ISE\lib\nt\stlport.5.1.dll
0x78480000 - 0x7850e000 	C:\WINDOWS\WinSxS\x86_Microsoft.VC90.CRT_1fc8b3b9a1e18e3b_9.0.30729.6161_x-ww_31a54e43\MSVCP90.dll
0x29ab0000 - 0x29abb000 	C:\Xilinx\14.7\ISE_DS\ISE\lib\nt\libPort_Std.dll
0x29ad0000 - 0x29ada000 	C:\Xilinx\14.7\ISE_DS\ISE\lib\nt\libThread.dll
0x29af0000 - 0x29b00000 	C:\Xilinx\14.7\ISE_DS\ISE\lib\nt\libpthread.dll
0x71a00000 - 0x71a0b000 	C:\WINDOWS\system32\WSOCK32.dll
0x719e0000 - 0x719f7000 	C:\WINDOWS\system32\WS2_32.dll
0x719d0000 - 0x719d8000 	C:\WINDOWS\system32\WS2HELP.dll
0x29b00000 - 0x29b12000 	C:\Xilinx\14.7\ISE_DS\ISE\lib\nt\libZlib.dll
0x29b20000 - 0x29b2b000 	C:\Xilinx\14.7\ISE_DS\ISE\lib\nt\libMiniZip.dll
0x29b50000 - 0x29ba8000 	C:\Xilinx\14.7\ISE_DS\ISE\lib\nt\boost_regex-vc90-mt-p-1_38.dll
0x29bb0000 - 0x29bc3000 	C:\Xilinx\14.7\ISE_DS\ISE\lib\nt\boost_filesystem-vc90-mt-p-1_38.dll
0x29bd0000 - 0x29bd7000 	C:\Xilinx\14.7\ISE_DS\ISE\lib\nt\boost_system-vc90-mt-p-1_38.dll
0x29be0000 - 0x29bec000 	C:\Xilinx\14.7\ISE_DS\ISE\lib\nt\boost_iostreams-vc90-mt-p-1_38.dll
0x29bf0000 - 0x29c02000 	C:\Xilinx\14.7\ISE_DS\ISE\lib\nt\boost_zlib-vc90-mt-p-1_38.dll
0x29c10000 - 0x29c20000 	C:\Xilinx\14.7\ISE_DS\ISE\lib\nt\LIBBZ2.dll
0x29c20000 - 0x2a3031da 	C:\Xilinx\14.7\ISE_DS\ISE\lib\nt\libisl_iostreams.dll
0x2a320000 - 0x2a32e000 	C:\Xilinx\14.7\ISE_DS\ISE\lib\nt\boost_thread-vc90-mt-p-1_38.dll
0x2a330000 - 0x2a33c000 	C:\Xilinx\14.7\ISE_DS\ISE\lib\nt\boost_date_time-vc90-mt-p-1_38.dll
0x71a50000 - 0x71a62000 	C:\WINDOWS\system32\MPR.dll
0x2a340000 - 0x2a34f000 	C:\Xilinx\14.7\ISE_DS\ISE\lib\nt\libXda_hiermgr.dll
0x2a360000 - 0x2a366000 	C:\Xilinx\14.7\ISE_DS\ISE\lib\nt\libXda_eventmgr.dll
0x2a5e0000 - 0x2a5eb000 	C:\WINDOWS\System32\prl_np.dll
0x75eb0000 - 0x75eb7000 	C:\WINDOWS\System32\drprov.dll
0x71b60000 - 0x71b6e000 	C:\WINDOWS\System32\ntlanman.dll
0x59250000 - 0x592a5000 	C:\WINDOWS\system32\NETAPI32.dll
0x71c20000 - 0x71c35000 	C:\WINDOWS\System32\NETUI0.dll
0x71be0000 - 0x71c20000 	C:\WINDOWS\System32\NETUI1.dll
0x71bd0000 - 0x71bd7000 	C:\WINDOWS\System32\NETRAP.dll
0x71b40000 - 0x71b53000 	C:\WINDOWS\System32\SAMLIB.dll
0x75ec0000 - 0x75eca000 	C:\WINDOWS\System32\davclnt.dll
0x2a5f0000 - 0x2a618000 	C:\Xilinx\14.7\ISE_DS\ISE\lib\nt\libUtilC_MessageDispatcher.dll
0x2a630000 - 0x2a8ba000 	C:\Xilinx\14.7\ISE_DS\ISE\lib\nt\libxercesc.dll
0x6d230000 - 0x6d284000 	C:\Xilinx\14.7\ISE_DS\ISE\java6\nt\jre\bin\fontmanager.dll
0x6d610000 - 0x6d623000 	C:\Xilinx\14.7\ISE_DS\ISE\java6\nt\jre\bin\net.dll
0x6d630000 - 0x6d639000 	C:\Xilinx\14.7\ISE_DS\ISE\java6\nt\jre\bin\nio.dll
0x3b100000 - 0x3b11b000 	C:\WINDOWS\IME\IMJP8_1\Dicts\IMJPCD.DIC
0x770d0000 - 0x7715b000 	C:\WINDOWS\system32\oleaut32.dll

VM Arguments:
jvm_args: -Xmx512m -Xss4m -Dchipscope.dir=C:\Xilinx\14.7\ISE_DS\ISE\bin\nt\unwrapped\../../java/chipscope/ vfprintf 
java_command: <unknown>
Launcher Type: generic

Environment Variables:
PATH=C:\Xilinx\14.7\ISE_DS\ISE\\lib\nt;C:\Xilinx\14.7\ISE_DS\ISE\\bin\nt;C:\Xilinx\14.7\ISE_DS\ISE\bin\nt;C:\Xilinx\14.7\ISE_DS\ISE\lib\nt;C:\Xilinx\14.7\ISE_DS\ISE\..\..\..\DocNav;C:\Xilinx\14.7\ISE_DS\PlanAhead\bin;C:\Xilinx\14.7\ISE_DS\EDK\bin\nt;C:\Xilinx\14.7\ISE_DS\EDK\lib\nt;C:\Xilinx\14.7\ISE_DS\EDK\gnu\microblaze\nt\bin;C:\Xilinx\14.7\ISE_DS\EDK\gnu\powerpc-eabi\nt\bin;C:\Xilinx\14.7\ISE_DS\EDK\gnuwin\bin;C:\Xilinx\14.7\ISE_DS\EDK\gnu\arm\nt\bin;C:\Xilinx\14.7\ISE_DS\EDK\gnu\microblaze\linux_toolchain\nt_be\bin;C:\Xilinx\14.7\ISE_DS\EDK\gnu\microblaze\linux_toolchain\nt_le\bin;C:\Xilinx\14.7\ISE_DS\common\bin\nt;C:\Xilinx\14.7\ISE_DS\common\lib\nt;C:\Program Files\Parallels\Parallels Tools\Applications;C:\WINDOWS\system32;C:\WINDOWS;C:\WINDOWS\System32\Wbem
USERNAME=RO
OS=Windows_NT
PROCESSOR_IDENTIFIER=x86 Family 6 Model 69 Stepping 1, GenuineIntel



---------------  S Y S T E M  ---------------

OS: Windows XP Build 2600 Service Pack 3

CPU:total 2 (2 cores per cpu, 1 threads per core) family 6 model 69 stepping 1, cmov, cx8, fxsr, mmx, sse, sse2, sse3, ssse3, sse4.1, sse4.2, popcnt

Memory: 4k page, physical 1572324k(1031632k free), swap 2991980k(2602136k free)

vm_info: Java HotSpot(TM) Client VM (17.0-b17) for windows-x86 JRE (1.6.0_21-b07), built on Jul 17 2010 01:10:15 by "java_re" with MS VC++ 7.1 (VS2003)

time: Wed Nov 05 19:51:17 2014
elapsed time: 31 seconds

