Release 14.7 - ngc2edif P.20131013 (nt64)
Copyright (c) 1995-2013 Xilinx, Inc.  All rights reserved.
Reading design FFT_16kHz.ngc ...
WARNING:NetListWriters:298 - No output is written to FFT_16kHz.xncf, ignored.
Processing design ...
   Preping design's networks ...
   Preping design's macros ...
  finished :Prep
Writing EDIF netlist file FFT_16kHz.edif ...
ngc2edif: Total memory usage is 94636 kilobytes

Release 14.7 - ngc2edif P.20131013 (nt64)
Copyright (c) 1995-2013 Xilinx, Inc.  All rights reserved.
Reading design BROM.ngc ...
WARNING:NetListWriters:298 - No output is written to BROM.xncf, ignored.
Processing design ...
   Preping design's networks ...
   Preping design's macros ...
  finished :Prep
Writing EDIF netlist file BROM.edif ...
ngc2edif: Total memory usage is 86444 kilobytes

Release 14.7 - ngc2edif P.20131013 (nt64)
Copyright (c) 1995-2013 Xilinx, Inc.  All rights reserved.
Reading design BRAM_input.ngc ...
WARNING:NetListWriters:298 - No output is written to BRAM_input.xncf, ignored.
Processing design ...
   Preping design's networks ...
   Preping design's macros ...
  finished :Prep
Writing EDIF netlist file BRAM_input.edif ...
ngc2edif: Total memory usage is 82348 kilobytes

Release 14.7 - ngc2edif P.20131013 (nt64)
Copyright (c) 1995-2013 Xilinx, Inc.  All rights reserved.
Reading design BRAM_node.ngc ...
WARNING:NetListWriters:298 - No output is written to BRAM_node.xncf, ignored.
Processing design ...
   Preping design's networks ...
   Preping design's macros ...
  finished :Prep
Writing EDIF netlist file BRAM_node.edif ...
ngc2edif: Total memory usage is 82348 kilobytes

Release 14.7 - ngc2edif P.20131013 (nt64)
Copyright (c) 1995-2013 Xilinx, Inc.  All rights reserved.
Reading design multiplier.ngc ...
WARNING:NetListWriters:298 - No output is written to multiplier.xncf, ignored.
Processing design ...
   Preping design's networks ...
   Preping design's macros ...
  finished :Prep
Writing EDIF netlist file multiplier.edif ...
ngc2edif: Total memory usage is 86444 kilobytes

Release 14.7 - ngc2edif P.20131013 (nt64)
Copyright (c) 1995-2013 Xilinx, Inc.  All rights reserved.
Reading design MultAccum.ngc ...
WARNING:NetListWriters:298 - No output is written to MultAccum.xncf, ignored.
Processing design ...
   Preping design's networks ...
   Preping design's macros ...
  finished :Prep
Writing EDIF netlist file MultAccum.edif ...
ngc2edif: Total memory usage is 86444 kilobytes

