iMPACT Version: 14.7

iMPACT log file Started on Wed Nov 19 18:40:31 2014

Welcome to iMPACT
iMPACT Version: 14.7
Project: Z:\Documents\FPGA\HMM-Viterbi\\auto_project.ipf created.
// *** BATCH CMD : setMode -bs
GUI --- Auto connect to cable...
// *** BATCH CMD : setCable -port auto
INFO:iMPACT - Digilent Plugin: Plugin Version: 2.4.4
INFO:iMPACT - Digilent Plugin: no JTAG device was found.
AutoDetecting cable. Please wait.
*** WARNING ***: When port is set to auto detect mode, cable speed is set todefault 6 MHz regardless of explicit arguments supplied for setting the baudrates
PROGRESS_START - Starting Operation.
Connecting to cable (Usb Port - USB21).
Checking cable driver.
 Driver file xusb_emb.sys found.
 Driver version: src=1029, dest=1029.
 Driver windrvr6.sys version = 10.2.1.0. WinDriver v10.21 Jungo (c) 1997 - 2010 Build Date: Aug 31 2010 X86 32bit SYS14:35:41, version = 1021.
 Cable PID = 0008.
 Max current requested during enumeration is 74 mA.
Type = 0x0004.
 Cable Type = 3, Revision = 0.
 Setting cable speed to 6 MHz.
Cable connection established.
Firmware version = 1303.
File version of C:/Xilinx/14.7/ISE_DS/ISE/data/xusb_xlp.hex = 1303.
Firmware hex file version = 1303.
PLD file version = 0012h.
 PLD version = 0012h.
PROGRESS_END - End Operation.
Elapsed time =      0 sec.
Type = 0x0004.
 ESN device is not available for this cable.
Attempting to identify devices in the boundary-scan chain configuration...
INFO:iMPACT - Current time: 2014/11/19 18:40:37
// *** BATCH CMD : Identify -inferir 
PROGRESS_START - Starting Operation.
Identifying chain contents...'0': : Manufacturer's ID = Xilinx xc6slx45, Version : 4
INFO:iMPACT:1777 - 
   Reading C:/Xilinx/14.7/ISE_DS/ISE/spartan6/data/xc6slx45.bsd...
INFO:iMPACT:501 - '1': Added Device xc6slx45 successfully.
----------------------------------------------------------------------
done.
PROGRESS_END - End Operation.
Elapsed time =      0 sec.
// *** BATCH CMD : identifyMPM 
// *** BATCH CMD : assignFile -p 1 -file "C:/.Xilinx/HMM-Viterbi/main_dp.bit"
'1': Loading file 'C:/.Xilinx/HMM-Viterbi/main_dp.bit' ...
done.
INFO:iMPACT:2257 - Startup Clock has been changed to 'JtagClk' in the bitstream   stored in memory,
   but the original bitstream file remains unchanged.
UserID read from the bitstream file = 0xFFFFFFFF.
Data width read from the bitstream file = 1.
INFO:iMPACT:501 - '1': Added Device xc6slx45 successfully.
----------------------------------------------------------------------
// *** BATCH CMD : setMode -pff
// *** BATCH CMD : addConfigDevice  -name "DP_aka" -path "C:\.Xilinx\"
// *** BATCH CMD : setSubmode -pffspi
// *** BATCH CMD : setAttribute -configdevice -attr multibootBpiType -value ""
// *** BATCH CMD : addDesign -version 0 -name "0"
// *** BATCH CMD : setMode -pff
// *** BATCH CMD : addDeviceChain -index 0
// *** BATCH CMD : setMode -pff
// *** BATCH CMD : addDeviceChain -index 0
Override chain at index 0.
Overriding chain at index 0.
// *** BATCH CMD : setAttribute -configdevice -attr compressed -value "FALSE"
// *** BATCH CMD : setAttribute -configdevice -attr autoSize -value "FALSE"
// *** BATCH CMD : setAttribute -configdevice -attr fileFormat -value "mcs"
// *** BATCH CMD : setAttribute -configdevice -attr fillValue -value "FF"
// *** BATCH CMD : setAttribute -configdevice -attr swapBit -value "FALSE"
// *** BATCH CMD : setAttribute -configdevice -attr dir -value "UP"
// *** BATCH CMD : setAttribute -configdevice -attr multiboot -value "FALSE"
// *** BATCH CMD : setAttribute -configdevice -attr spiSelected -value "TRUE"
// *** BATCH CMD : addPromDevice -p 1 -size 2048 -name 2M
'1': Added Device 2M successfully.
----------------------------------------------------------------------
// *** BATCH CMD : setMode -bs
// *** BATCH CMD : setMode -pff
// *** BATCH CMD : addDeviceChain -index 0
Override chain at index 0.
Overriding chain at index 0.
// *** BATCH CMD : setMode -pff
// *** BATCH CMD : addDeviceChain -index 0
Override chain at index 0.
Overriding chain at index 0.
// *** BATCH CMD : setSubmode -pffspi
// *** BATCH CMD : setMode -pff
------------------------  GUI: Wizard Data Report  ---------------------------
      Compression : false
      Fill Value : FF
      Output Format : mcs
      Swap Bits : false
      LoadDirection : UP
      PROM Basename : DP_aka
      File Location : C:\.Xilinx\/
      Auto Select : false
      Number of Revisions : 1
      Number of PROMs : 1
      PROM Name : 2M   PROM Size : 2097152 bits
-------------------------- END of Report ----------------------------
// *** BATCH CMD : setAttribute -design -attr name -value "0000"
// *** BATCH CMD : addDevice -p 1 -file "C:/.Xilinx/HMM-Viterbi/main_dp.bit"
'1': Loading file 'C:/.Xilinx/HMM-Viterbi/main_dp.bit' ...
INFO:iMPACT - Elapsed time =      1 sec.
done.
INFO:iMPACT:501 - '1': Added Device xc6slx45 successfully.
----------------------------------------------------------------------
Add one device.16a9c9INFO:iMPACT - Current time: 2014/11/19 18:44:12
// *** BATCH CMD : setMode -pff
// *** BATCH CMD : setSubmode -pffspi
Total configuration bit size = 11879680  bits.
Total configuration byte size = 1484960 bytes.
// *** BATCH CMD : generate
0x16a8a0 (1484960) bytes loaded up from 0x0
Using user-specified prom size of 2048K
Writing file "C:\.Xilinx\DP_aka.mcs".
Writing file "C:\.Xilinx\DP_aka.prm".
Writing file "C:\.Xilinx\DP_aka.cfi".
// *** BATCH CMD : setCurrentDesign -version 0
// *** BATCH CMD : setMode -bs
Selected part: M25P16
// *** BATCH CMD : attachflash -position 1 -spi "M25P16"
Unprotect sectors: FALSE
// *** BATCH CMD : assignfiletoattachedflash -position 1 -file"C:/.Xilinx/DP_aka.mcs"
INFO:iMPACT - Current time: 2014/11/19 18:44:51
// *** BATCH CMD : Program -p 1 -dataWidth 1 -spionly -e -v -loadfpga 
Maximum TCK operating frequency for this device chain: 25000000.
Validating chain...
Boundary-scan chain validated successfully.
'1': SPI access core not detected. SPI access core will be downloaded to thedevice to enable operations.
INFO:iMPACT - Downloading core file   C:/Xilinx/14.7/ISE_DS/ISE/spartan6/data/xc6slx45_spi.cor.
PROGRESS_START - Starting Operation.
'1': Downloading core...
 LCK_cycle = NoWait.
LCK cycle: NoWait
done.
'1': Reading status register contents...
INFO:iMPACT:2219 - Status register values:
INFO:iMPACT - 0011 1100 1110 1100 
INFO:iMPACT:2492 - '1': Completed downloading core to device.
'1': IDCODE is '202015' (in hex).
'1': ID Check passed.
'1': IDCODE is '202015' (in hex).
'1': ID Check passed.
'1': Erasing Device.
'1': Using Sector Erase.
'1': Programming Flash.
'1': Reading device contents...
done.
'1': Verification completed.
'1':Programming in x1 mode.
'1': Programmed successfully.
INFO:iMPACT - '1': Flash was programmed successfully.
 LCK_cycle = NoWait.
LCK cycle: NoWait
INFO:iMPACT - '1': Checking done pin....done.
'1': Programmed successfully.
PROGRESS_END - End Operation.
Elapsed time =    247 sec.
Cable is not connected.
GUI --- Auto connect to cable...
// *** BATCH CMD : setCable -port auto
INFO:iMPACT - Digilent Plugin: Plugin Version: 2.4.4
INFO:iMPACT - Digilent Plugin: no JTAG device was found.
AutoDetecting cable. Please wait.
*** WARNING ***: When port is set to auto detect mode, cable speed is set todefault 6 MHz regardless of explicit arguments supplied for setting the baudrates
PROGRESS_START - Starting Operation.
Connecting to cable (Usb Port - USB21).
Checking cable driver.
 Driver file xusb_emb.sys found.
 Driver version: src=1029, dest=1029.
 Driver windrvr6.sys version = 10.2.1.0. WinDriver v10.21 Jungo (c) 1997 - 2010 Build Date: Aug 31 2010 X86 32bit SYS14:35:41, version = 1021.
Cable connection failed.
Connecting to cable (Parallel Port - LPT1).
Checking cable driver.
 Driver windrvr6.sys version = 10.2.1.0. WinDriver v10.21 Jungo (c) 1997 - 2010 Build Date: Aug 31 2010 X86 32bit SYS14:35:41, version = 1021.
Cable connection failed.
Connecting to cable (Parallel Port - LPT2).
Checking cable driver.
 Driver windrvr6.sys version = 10.2.1.0. WinDriver v10.21 Jungo (c) 1997 - 2010 Build Date: Aug 31 2010 X86 32bit SYS14:35:41, version = 1021.
Cable connection failed.
Connecting to cable (Parallel Port - LPT3).
Checking cable driver.
 Driver windrvr6.sys version = 10.2.1.0. WinDriver v10.21 Jungo (c) 1997 - 2010 Build Date: Aug 31 2010 X86 32bit SYS14:35:41, version = 1021.
Cable connection failed.
Connecting to cable (Parallel Port - LPT4).
Checking cable driver.
 Driver windrvr6.sys version = 10.2.1.0. WinDriver v10.21 Jungo (c) 1997 - 2010 Build Date: Aug 31 2010 X86 32bit SYS14:35:41, version = 1021.
Cable connection failed.
PROGRESS_END - End Operation.
Elapsed time =      4 sec.
Cable autodetection failed.
WARNING:iMPACT:923 - Can not find cable, check cable setup !Project: 'Z:\Documents\FPGA\HMM-Viterbi\\auto_project.ipf' created.
// *** BATCH CMD : setMode -bs
// *** BATCH CMD : setMode -ss
// *** BATCH CMD : setMode -sm
// *** BATCH CMD : setMode -hw140
// *** BATCH CMD : setMode -spi
// *** BATCH CMD : setMode -acecf
// *** BATCH CMD : setMode -acempm
// *** BATCH CMD : setMode -pff
// *** BATCH CMD : setMode -bs
// *** BATCH CMD : saveProjectFile -file"Z:\Documents\FPGA\HMM-Viterbi\\auto_project.ipf"
// *** BATCH CMD : setMode -bs
// *** BATCH CMD : setMode -pff
INFO:iMPACT - Launching WebTalk, please refer to the webtalk log at   Z:\Documents\FPGA\HMM-Viterbi\webtalk.log for details.
INFO:iMPACT - Running wbtc successfully.
// *** BATCH CMD : setMode -bs
// *** BATCH CMD : deleteDevice -position 1
// *** BATCH CMD : setMode -bs
// *** BATCH CMD : setMode -ss
// *** BATCH CMD : setMode -sm
// *** BATCH CMD : setMode -hw140
// *** BATCH CMD : setMode -spi
// *** BATCH CMD : setMode -acecf
// *** BATCH CMD : setMode -acempm
// *** BATCH CMD : setMode -pff
// *** BATCH CMD : deletePromDevice -position 1
// *** BATCH CMD : setCurrentDesign -version 0
// *** BATCH CMD : deleteDevice -position 1
// *** BATCH CMD : deleteDesign -version 0
// *** BATCH CMD : setCurrentDesign -version -1
