Release 14.7 Map P.20131013 (nt64)
Xilinx Mapping Report File for Design 'main_DP'

Design Information
------------------
Command Line   : map -intstyle ise -p xc6slx45-csg324-2 -w -logic_opt off -ol
high -t 1 -xt 0 -register_duplication off -r 4 -global_opt off -mt 2 -detail -ir
off -pr off -lc off -power on -o main_DP_map.ncd main_DP.ngd main_DP.pcf 
Target Device  : xc6slx45
Target Package : csg324
Target Speed   : -2
Mapper Version : spartan6 -- $Revision: 1.55 $
Mapped Date    : FRI 28 AUG 20:17:58 2015

Design Summary
--------------
Number of errors   :   1
Number of warnings :   0

Section 1 - Errors
------------------
ERROR:Security:9c - No 'ISE' nor 'WebPack' feature version 2013.10 was available
for part 'xc6slx45'.
ERROR:Map:258 - A problem was encountered attempting to get the license for this
   architecture. 

Section 2 - Warnings
--------------------

Section 3 - Informational
-------------------------
INFO:Map:284 - Map is running with the multi-threading option on. Map currently
   supports the use of up to 2 processors. Based on the the user options and
   machine load, Map will use 2 processors during this run.
INFO:Security:54 - 'xc6slx45' is a WebPack part.
INFO:Security:61 - The XILINXD_LICENSE_FILE environment variable is not set.
INFO:Security:63 - The LM_LICENSE_FILE environment variable is not set.
INFO:Security:68 - For more information or for assistance in obtaining 
INFO:Security:68a - user is tslab, on host TSLAB-PC.
